Server running on port 3001
[
  {
    name: "boysenberry-repo-1",
    description: "Testing",
    stars: 451,
    language: null,
    url: "https://github.com/octocat/boysenberry-repo-1",
  }, {
    name: "git-consortium",
    description: "This repo is for demonstration purposes only.",
    stars: 579,
    language: null,
    url: "https://github.com/octocat/git-consortium",
  }, {
    name: "hello-worId",
    description: "My first repository on GitHub.",
    stars: 758,
    language: null,
    url: "https://github.com/octocat/hello-worId",
  }, {
    name: "Hello-World",
    description: "My first repository on GitHub!",
    stars: 3630,
    language: null,
    url: "https://github.com/octocat/Hello-World",
  }, {
    name: "linguist",
    description: "Language Savant. If your repository's language is being reported incorrectly, send us a pull request!",
    stars: 724,
    language: "Ruby",
    url: "https://github.com/octocat/linguist",
  }, {
    name: "octocat.github.io",
    description: null,
    stars: 1116,
    language: "CSS",
    url: "https://github.com/octocat/octocat.github.io",
  }, {
    name: "Spoon-Knife",
    description: "This repo is for demonstration purposes only.",
    stars: 13843,
    language: "HTML",
    url: "https://github.com/octocat/Spoon-Knife",
  }, {
    name: "test-repo1",
    description: null,
    stars: 458,
    language: null,
    url: "https://github.com/octocat/test-repo1",
  }
]
[
  {
    name: "AI-Startup-Graveyard",
    description: null,
    stars: 1,
    language: "TypeScript",
    url: "https://github.com/vartika6451/AI-Startup-Graveyard",
  }, {
    name: "amazon-clone",
    description: null,
    stars: 0,
    language: "HTML",
    url: "https://github.com/vartika6451/amazon-clone",
  }, {
    name: "CloudWiseAI",
    description: null,
    stars: 0,
    language: null,
    url: "https://github.com/vartika6451/CloudWiseAI",
  }, {
    name: "CrowdFunding-DApp",
    description: null,
    stars: 0,
    language: "JavaScript",
    url: "https://github.com/vartika6451/CrowdFunding-DApp",
  }, {
    name: "Employee-Management-System",
    description: null,
    stars: 0,
    language: "JavaScript",
    url: "https://github.com/vartika6451/Employee-Management-System",
  }, {
    name: "ethereal",
    description: null,
    stars: 0,
    language: null,
    url: "https://github.com/vartika6451/ethereal",
  }, {
    name: "ethereum",
    description: null,
    stars: 0,
    language: "CSS",
    url: "https://github.com/vartika6451/ethereum",
  }, {
    name: "Gallery-project",
    description: null,
    stars: 0,
    language: "JavaScript",
    url: "https://github.com/vartika6451/Gallery-project",
  }, {
    name: "good-first-issue",
    description: "Make your first open-source contribution.",
    stars: 0,
    language: null,
    url: "https://github.com/vartika6451/good-first-issue",
  }, {
    name: "hack",
    description: null,
    stars: 0,
    language: null,
    url: "https://github.com/vartika6451/hack",
  }, {
    name: "javascript-projects",
    description: null,
    stars: 0,
    language: "JavaScript",
    url: "https://github.com/vartika6451/javascript-projects",
  }, {
    name: "movie-booking-sytem",
    description: null,
    stars: 0,
    language: "C++",
    url: "https://github.com/vartika6451/movie-booking-sytem",
  }, {
    name: "Music-Player",
    description: null,
    stars: 0,
    language: "CSS",
    url: "https://github.com/vartika6451/Music-Player",
  }, {
    name: "Password-Manager",
    description: null,
    stars: 0,
    language: "Java",
    url: "https://github.com/vartika6451/Password-Manager",
  }, {
    name: "React-project",
    description: null,
    stars: 0,
    language: "JavaScript",
    url: "https://github.com/vartika6451/React-project",
  }, {
    name: "Research-Paper-Organizer",
    description: "Open-source beginner-friendly project",
    stars: 0,
    language: null,
    url: "https://github.com/vartika6451/Research-Paper-Organizer",
  }, {
    name: "Tic-Tac-Toe",
    description: null,
    stars: 0,
    language: "JavaScript",
    url: "https://github.com/vartika6451/Tic-Tac-Toe",
  }, {
    name: "todolist",
    description: null,
    stars: 0,
    language: "CSS",
    url: "https://github.com/vartika6451/todolist",
  }, {
    name: "vartika6451",
    description: null,
    stars: 0,
    language: null,
    url: "https://github.com/vartika6451/vartika6451",
  }, {
    name: "Voice_Convertor",
    description: null,
    stars: 0,
    language: null,
    url: "https://github.com/vartika6451/Voice_Convertor",
  }, {
    name: "web3",
    description: null,
    stars: 0,
    language: "JavaScript",
    url: "https://github.com/vartika6451/web3",
  }, {
    name: "Yumzo",
    description: null,
    stars: 0,
    language: "JavaScript",
    url: "https://github.com/vartika6451/Yumzo",
  }
]
[
  {
    name: "AI-Startup-Graveyard",
    description: null,
    stars: 1,
    language: "TypeScript",
    url: "https://github.com/vartika6451/AI-Startup-Graveyard",
  }, {
    name: "amazon-clone",
    description: null,
    stars: 0,
    language: "HTML",
    url: "https://github.com/vartika6451/amazon-clone",
  }, {
    name: "CloudWiseAI",
    description: null,
    stars: 0,
    language: null,
    url: "https://github.com/vartika6451/CloudWiseAI",
  }, {
    name: "CrowdFunding-DApp",
    description: null,
    stars: 0,
    language: "JavaScript",
    url: "https://github.com/vartika6451/CrowdFunding-DApp",
  }, {
    name: "Employee-Management-System",
    description: null,
    stars: 0,
    language: "JavaScript",
    url: "https://github.com/vartika6451/Employee-Management-System",
  }, {
    name: "ethereal",
    description: null,
    stars: 0,
    language: null,
    url: "https://github.com/vartika6451/ethereal",
  }, {
    name: "ethereum",
    description: null,
    stars: 0,
    language: "CSS",
    url: "https://github.com/vartika6451/ethereum",
  }, {
    name: "Gallery-project",
    description: null,
    stars: 0,
    language: "JavaScript",
    url: "https://github.com/vartika6451/Gallery-project",
  }, {
    name: "good-first-issue",
    description: "Make your first open-source contribution.",
    stars: 0,
    language: null,
    url: "https://github.com/vartika6451/good-first-issue",
  }, {
    name: "hack",
    description: null,
    stars: 0,
    language: null,
    url: "https://github.com/vartika6451/hack",
  }, {
    name: "javascript-projects",
    description: null,
    stars: 0,
    language: "JavaScript",
    url: "https://github.com/vartika6451/javascript-projects",
  }, {
    name: "movie-booking-sytem",
    description: null,
    stars: 0,
    language: "C++",
    url: "https://github.com/vartika6451/movie-booking-sytem",
  }, {
    name: "Music-Player",
    description: null,
    stars: 0,
    language: "CSS",
    url: "https://github.com/vartika6451/Music-Player",
  }, {
    name: "Password-Manager",
    description: null,
    stars: 0,
    language: "Java",
    url: "https://github.com/vartika6451/Password-Manager",
  }, {
    name: "React-project",
    description: null,
    stars: 0,
    language: "JavaScript",
    url: "https://github.com/vartika6451/React-project",
  }, {
    name: "Research-Paper-Organizer",
    description: "Open-source beginner-friendly project",
    stars: 0,
    language: null,
    url: "https://github.com/vartika6451/Research-Paper-Organizer",
  }, {
    name: "Tic-Tac-Toe",
    description: null,
    stars: 0,
    language: "JavaScript",
    url: "https://github.com/vartika6451/Tic-Tac-Toe",
  }, {
    name: "todolist",
    description: null,
    stars: 0,
    language: "CSS",
    url: "https://github.com/vartika6451/todolist",
  }, {
    name: "vartika6451",
    description: null,
    stars: 0,
    language: null,
    url: "https://github.com/vartika6451/vartika6451",
  }, {
    name: "Voice_Convertor",
    description: null,
    stars: 0,
    language: null,
    url: "https://github.com/vartika6451/Voice_Convertor",
  }, {
    name: "web3",
    description: null,
    stars: 0,
    language: "JavaScript",
    url: "https://github.com/vartika6451/web3",
  }, {
    name: "Yumzo",
    description: null,
    stars: 0,
    language: "JavaScript",
    url: "https://github.com/vartika6451/Yumzo",
  }
]
